Compiled application.js  (7ms)  (pid 32544)
Compiled jquery.js  (9ms)  (pid 32544)
Compiled jquery_ujs.js  (1ms)  (pid 32544)
Compiled home.js  (269ms)  (pid 32544)
Compiled application.css  (2ms)  (pid 32544)
Compiled home.css  (4ms)  (pid 32544)
Compiled application.js  (71ms)  (pid 32533)
Compiled jquery.js  (9ms)  (pid 32533)
Compiled jquery_ujs.js  (1ms)  (pid 32533)
Compiled home.js  (377ms)  (pid 32533)
Compiled application.css  (3ms)  (pid 32533)
Compiled home.css  (4ms)  (pid 32533)
Compiled application.js  (9ms)  (pid 314)
Compiled jquery.js  (9ms)  (pid 314)
Compiled jquery_ujs.js  (2ms)  (pid 314)
Compiled home.js  (268ms)  (pid 314)
Compiled users.js  (269ms)  (pid 314)
Compiled application.css  (5ms)  (pid 314)
Compiled home.css  (12ms)  (pid 314)
Compiled scaffolds.css  (51ms)  (pid 314)
Compiled users.css  (6ms)  (pid 314)
Compiled application.js  (9ms)  (pid 32767)
Compiled jquery.js  (9ms)  (pid 32767)
Compiled jquery_ujs.js  (1ms)  (pid 32767)
Compiled home.js  (309ms)  (pid 32767)
Compiled users.js  (259ms)  (pid 32767)
Compiled application.css  (5ms)  (pid 32767)
Compiled home.css  (5ms)  (pid 32767)
Compiled scaffolds.css  (34ms)  (pid 32767)
Compiled users.css  (2ms)  (pid 32767)
